2024-08-05 19:44:37,477 [Worker-6: Loading available Gradle versions] INFO  o.e.b.c.i.u.g.PublishedGradleVersions - Gradle version information cache is up-to-date. Trying to read.
2024-08-05 19:47:41,004 [Worker-5: Loading available Gradle versions] INFO  o.e.b.c.i.u.g.PublishedGradleVersions - Gradle version information cache is up-to-date. Trying to read.
2024-08-05 19:49:03,030 [Worker-29: https://download.eclipse.org/releases/2024-06/202406121000/artifacts.xml.xz] INFO  o.a.h.c.h.i.c.HttpRequestRetryExec - Recoverable I/O exception (java.net.SocketException) caught when processing request to {s}->https://download.eclipse.org:443
2024-08-05 19:49:12,881 [Worker-1: Loading available Gradle versions] INFO  o.e.b.c.i.u.g.PublishedGradleVersions - Gradle version information cache is up-to-date. Trying to read.
2024-08-05 19:50:56,128 [Worker-6: Loading available Gradle versions] INFO  o.e.b.c.i.u.g.PublishedGradleVersions - Gradle version information cache is up-to-date. Trying to read.
2024-08-05 19:55:59,610 [Worker-2: Loading available Gradle versions] INFO  o.e.b.c.i.u.g.PublishedGradleVersions - Gradle version information cache is up-to-date. Trying to read.
2024-08-05 19:56:43,288 [Worker-2: Importing Maven projects] INFO  o.e.m.c.i.l.LifecycleMappingFactory - Using org.eclipse.m2e.jdt.JarLifecycleMapping lifecycle mapping for MavenProject: com.solvd:carina-api-testing:1.0 @ /Users/ariel.liscovsky/carina/carina-api-testing/pom.xml.
2024-08-05 19:56:44,372 [Worker-2: Importing Maven projects] INFO  o.e.m.j.i.AbstractJavaProjectConfigurator - Adding source folder /carina-api-testing/src/main/java
2024-08-05 19:56:44,373 [Worker-2: Importing Maven projects] INFO  o.e.m.j.i.AbstractJavaProjectConfigurator - Adding resource folder /carina-api-testing/src/main/resources
2024-08-05 19:56:44,373 [Worker-2: Importing Maven projects] INFO  o.e.m.j.i.AbstractJavaProjectConfigurator - Adding source folder /carina-api-testing/src/test/java
2024-08-05 19:56:44,373 [Worker-2: Importing Maven projects] INFO  o.e.m.j.i.AbstractJavaProjectConfigurator - Adding resource folder /carina-api-testing/src/test/resources
2024-08-05 19:56:44,517 [Worker-2: Importing Maven projects] INFO  o.e.m.c.i.p.ProjectConfigurationManager - Imported and configured 1 project(s) in 2 sec
2024-08-05 19:56:45,623 [Worker-23: Download sources and javadoc] INFO  o.e.m.c.i.e.AbstractTransferListenerAdapter - Downloaded https://repo.maven.apache.org/maven2/net/sf/opencsv/opencsv/1.7/opencsv-1.7-javadoc.jar
2024-08-05 19:56:45,626 [Worker-23: Download sources and javadoc] ERROR o.e.m.j.internal.DownloadSourcesJob - Could not download javadoc for net.sf.opencsv:opencsv:1.7
org.eclipse.core.runtime.CoreException: Could not resolve artifact net.sf.opencsv:opencsv:jar:javadoc:1.7
	at org.eclipse.m2e.core.internal.embedder.MavenImpl.lambda$7(MavenImpl.java:540)
	at org.eclipse.m2e.core.internal.embedder.MavenExecutionContext.executeBare(MavenExecutionContext.java:458)
	at org.eclipse.m2e.core.internal.embedder.MavenExecutionContext.execute(MavenExecutionContext.java:292)
	at org.eclipse.m2e.core.internal.embedder.MavenExecutionContext.execute(MavenExecutionContext.java:278)
	at org.eclipse.m2e.core.internal.embedder.MavenImpl.resolve(MavenImpl.java:509)
	at org.eclipse.m2e.core.internal.embedder.MavenImpl.resolve(MavenImpl.java:494)
	at org.eclipse.m2e.jdt.internal.DownloadSourcesJob.download(DownloadSourcesJob.java:308)
	at org.eclipse.m2e.jdt.internal.DownloadSourcesJob.downloadAttachments(DownloadSourcesJob.java:294)
	at org.eclipse.m2e.jdt.internal.DownloadSourcesJob.downloadMaven(DownloadSourcesJob.java:252)
	at org.eclipse.m2e.jdt.internal.DownloadSourcesJob.downloadFilesAndPopulateToUpdate(DownloadSourcesJob.java:220)
	at org.eclipse.m2e.jdt.internal.DownloadSourcesJob.lambda$0(DownloadSourcesJob.java:149)
	at org.eclipse.m2e.core.internal.embedder.MavenExecutionContext.executeBare(MavenExecutionContext.java:458)
	at org.eclipse.m2e.core.internal.embedder.MavenExecutionContext.execute(MavenExecutionContext.java:339)
	at org.eclipse.m2e.core.internal.embedder.MavenExecutionContext.execute(MavenExecutionContext.java:278)
	at org.eclipse.m2e.core.embedder.IMaven.execute(IMaven.java:300)
	at org.eclipse.m2e.jdt.internal.DownloadSourcesJob.run(DownloadSourcesJob.java:149)
	at org.eclipse.core.internal.jobs.Worker.run(Worker.java:63)
2024-08-05 19:56:45,754 [Worker-3: Building] INFO  o.e.m.c.i.embedder.EclipseLogger - Configured Artifact: com.zebrunner:agent-core:1.9.6:jar
2024-08-05 19:56:45,759 [Worker-3: Building] INFO  o.e.m.c.i.embedder.EclipseLogger - com.zebrunner:agent-core:1.9.6:jar already exists in /Users/ariel.liscovsky/carina/carina-api-testing/target/agent
2024-08-05 19:56:45,768 [Worker-3: Building] INFO  o.a.m.s.f.DefaultMavenResourcesFiltering - Copying 20 resources from src/main/resources to target/classes
2024-08-05 19:56:45,779 [Worker-3: Building] INFO  o.a.m.s.f.DefaultMavenResourcesFiltering - Copying 43 resources from src/test/resources to target/test-classes
2024-08-05 19:56:45,850 [Worker-23: Download sources and javadoc] INFO  o.e.m.c.i.e.AbstractTransferListenerAdapter - Downloaded https://repo.maven.apache.org/maven2/org/apache/poi/poi-ooxml-schemas/4.1.2/poi-ooxml-schemas-4.1.2-javadoc.jar
2024-08-05 19:56:45,851 [Worker-23: Download sources and javadoc] ERROR o.e.m.j.internal.DownloadSourcesJob - Could not download javadoc for org.apache.poi:poi-ooxml-schemas:4.1.2
org.eclipse.core.runtime.CoreException: Could not resolve artifact org.apache.poi:poi-ooxml-schemas:jar:javadoc:4.1.2
	at org.eclipse.m2e.core.internal.embedder.MavenImpl.lambda$7(MavenImpl.java:540)
	at org.eclipse.m2e.core.internal.embedder.MavenExecutionContext.executeBare(MavenExecutionContext.java:458)
	at org.eclipse.m2e.core.internal.embedder.MavenExecutionContext.execute(MavenExecutionContext.java:292)
	at org.eclipse.m2e.core.internal.embedder.MavenExecutionContext.execute(MavenExecutionContext.java:278)
	at org.eclipse.m2e.core.internal.embedder.MavenImpl.resolve(MavenImpl.java:509)
	at org.eclipse.m2e.core.internal.embedder.MavenImpl.resolve(MavenImpl.java:494)
	at org.eclipse.m2e.jdt.internal.DownloadSourcesJob.download(DownloadSourcesJob.java:308)
	at org.eclipse.m2e.jdt.internal.DownloadSourcesJob.downloadAttachments(DownloadSourcesJob.java:294)
	at org.eclipse.m2e.jdt.internal.DownloadSourcesJob.downloadMaven(DownloadSourcesJob.java:252)
	at org.eclipse.m2e.jdt.internal.DownloadSourcesJob.downloadFilesAndPopulateToUpdate(DownloadSourcesJob.java:220)
	at org.eclipse.m2e.jdt.internal.DownloadSourcesJob.lambda$0(DownloadSourcesJob.java:149)
	at org.eclipse.m2e.core.internal.embedder.MavenExecutionContext.executeBare(MavenExecutionContext.java:458)
	at org.eclipse.m2e.core.internal.embedder.MavenExecutionContext.execute(MavenExecutionContext.java:339)
	at org.eclipse.m2e.core.internal.embedder.MavenExecutionContext.execute(MavenExecutionContext.java:278)
	at org.eclipse.m2e.core.embedder.IMaven.execute(IMaven.java:300)
	at org.eclipse.m2e.jdt.internal.DownloadSourcesJob.run(DownloadSourcesJob.java:149)
	at org.eclipse.core.internal.jobs.Worker.run(Worker.java:63)
2024-08-05 19:56:46,113 [Worker-23: Download sources and javadoc] INFO  o.e.m.c.i.e.AbstractTransferListenerAdapter - Downloading https://repo.maven.apache.org/maven2/io/rest-assured/rest-assured/4.3.0/rest-assured-4.3.0-javadoc.jar
2024-08-05 19:56:46,304 [Worker-23: Download sources and javadoc] INFO  o.e.m.c.i.e.AbstractTransferListenerAdapter - Downloaded https://repo.maven.apache.org/maven2/io/rest-assured/rest-assured/4.3.0/rest-assured-4.3.0-javadoc.jar
2024-08-05 19:56:46,306 [Worker-23: Download sources and javadoc] INFO  o.e.m.j.internal.DownloadSourcesJob - Downloaded javadoc for io.rest-assured:rest-assured:4.3.0
2024-08-05 19:56:46,518 [Worker-23: Download sources and javadoc] INFO  o.e.m.c.i.e.AbstractTransferListenerAdapter - Downloaded https://repo.maven.apache.org/maven2/io/netty/netty-resolver-dns-native-macos/4.1.89.Final/netty-resolver-dns-native-macos-4.1.89.Final-javadoc.jar
2024-08-05 19:56:46,520 [Worker-23: Download sources and javadoc] ERROR o.e.m.j.internal.DownloadSourcesJob - Could not download javadoc for io.netty:netty-resolver-dns-native-macos:4.1.89.Finalosx-x86_64
org.eclipse.core.runtime.CoreException: Could not resolve artifact io.netty:netty-resolver-dns-native-macos:jar:javadoc:4.1.89.Final
	at org.eclipse.m2e.core.internal.embedder.MavenImpl.lambda$7(MavenImpl.java:540)
	at org.eclipse.m2e.core.internal.embedder.MavenExecutionContext.executeBare(MavenExecutionContext.java:458)
	at org.eclipse.m2e.core.internal.embedder.MavenExecutionContext.execute(MavenExecutionContext.java:292)
	at org.eclipse.m2e.core.internal.embedder.MavenExecutionContext.execute(MavenExecutionContext.java:278)
	at org.eclipse.m2e.core.internal.embedder.MavenImpl.resolve(MavenImpl.java:509)
	at org.eclipse.m2e.core.internal.embedder.MavenImpl.resolve(MavenImpl.java:494)
	at org.eclipse.m2e.jdt.internal.DownloadSourcesJob.download(DownloadSourcesJob.java:308)
	at org.eclipse.m2e.jdt.internal.DownloadSourcesJob.downloadAttachments(DownloadSourcesJob.java:294)
	at org.eclipse.m2e.jdt.internal.DownloadSourcesJob.downloadMaven(DownloadSourcesJob.java:252)
	at org.eclipse.m2e.jdt.internal.DownloadSourcesJob.downloadFilesAndPopulateToUpdate(DownloadSourcesJob.java:220)
	at org.eclipse.m2e.jdt.internal.DownloadSourcesJob.lambda$0(DownloadSourcesJob.java:149)
	at org.eclipse.m2e.core.internal.embedder.MavenExecutionContext.executeBare(MavenExecutionContext.java:458)
	at org.eclipse.m2e.core.internal.embedder.MavenExecutionContext.execute(MavenExecutionContext.java:339)
	at org.eclipse.m2e.core.internal.embedder.MavenExecutionContext.execute(MavenExecutionContext.java:278)
	at org.eclipse.m2e.core.embedder.IMaven.execute(IMaven.java:300)
	at org.eclipse.m2e.jdt.internal.DownloadSourcesJob.run(DownloadSourcesJob.java:149)
	at org.eclipse.core.internal.jobs.Worker.run(Worker.java:63)
2024-08-05 19:56:46,586 [Worker-23: Download sources and javadoc] INFO  o.e.m.c.i.e.AbstractTransferListenerAdapter - Downloaded https://repo.maven.apache.org/maven2/com/google/guava/listenablefuture/9999.0-empty-to-avoid-conflict-with-guava/listenablefuture-9999.0-empty-to-avoid-conflict-with-guava-javadoc.jar
2024-08-05 19:56:46,588 [Worker-23: Download sources and javadoc] ERROR o.e.m.j.internal.DownloadSourcesJob - Could not download javadoc for com.google.guava:listenablefuture:9999.0-empty-to-avoid-conflict-with-guava
org.eclipse.core.runtime.CoreException: Could not resolve artifact com.google.guava:listenablefuture:jar:javadoc:9999.0-empty-to-avoid-conflict-with-guava
	at org.eclipse.m2e.core.internal.embedder.MavenImpl.lambda$7(MavenImpl.java:540)
	at org.eclipse.m2e.core.internal.embedder.MavenExecutionContext.executeBare(MavenExecutionContext.java:458)
	at org.eclipse.m2e.core.internal.embedder.MavenExecutionContext.execute(MavenExecutionContext.java:292)
	at org.eclipse.m2e.core.internal.embedder.MavenExecutionContext.execute(MavenExecutionContext.java:278)
	at org.eclipse.m2e.core.internal.embedder.MavenImpl.resolve(MavenImpl.java:509)
	at org.eclipse.m2e.core.internal.embedder.MavenImpl.resolve(MavenImpl.java:494)
	at org.eclipse.m2e.jdt.internal.DownloadSourcesJob.download(DownloadSourcesJob.java:308)
	at org.eclipse.m2e.jdt.internal.DownloadSourcesJob.downloadAttachments(DownloadSourcesJob.java:294)
	at org.eclipse.m2e.jdt.internal.DownloadSourcesJob.downloadMaven(DownloadSourcesJob.java:252)
	at org.eclipse.m2e.jdt.internal.DownloadSourcesJob.downloadFilesAndPopulateToUpdate(DownloadSourcesJob.java:220)
	at org.eclipse.m2e.jdt.internal.DownloadSourcesJob.lambda$0(DownloadSourcesJob.java:149)
	at org.eclipse.m2e.core.internal.embedder.MavenExecutionContext.executeBare(MavenExecutionContext.java:458)
	at org.eclipse.m2e.core.internal.embedder.MavenExecutionContext.execute(MavenExecutionContext.java:339)
	at org.eclipse.m2e.core.internal.embedder.MavenExecutionContext.execute(MavenExecutionContext.java:278)
	at org.eclipse.m2e.core.embedder.IMaven.execute(IMaven.java:300)
	at org.eclipse.m2e.jdt.internal.DownloadSourcesJob.run(DownloadSourcesJob.java:149)
	at org.eclipse.core.internal.jobs.Worker.run(Worker.java:63)
2024-08-06 13:27:24,579 [Worker-74: Launching carina-api-testing_src.test.resources.testng_suites.api.xml] INFO  o.e.m.c.i.l.LifecycleMappingFactory - Using org.eclipse.m2e.jdt.JarLifecycleMapping lifecycle mapping for MavenProject: com.solvd:carina-api-testing:1.0 @ /Users/ariel.liscovsky/carina/carina-api-testing/pom.xml.
2024-08-06 13:27:25,197 [Worker-74: Launching carina-api-testing_src.test.resources.testng_suites.api.xml] INFO  o.e.m.c.i.e.AbstractTransferListenerAdapter - Downloading https://repo.maven.apache.org/maven2/com/zebrunner/carina-api/1.2.4/carina-api-1.2.4.pom
2024-08-06 13:27:25,203 [Worker-74: Launching carina-api-testing_src.test.resources.testng_suites.api.xml] INFO  o.e.m.c.i.e.AbstractTransferListenerAdapter - Downloaded https://repo.maven.apache.org/maven2/com/zebrunner/carina-api/1.2.4/carina-api-1.2.4.pom
2024-08-06 13:27:25,231 [Worker-74: Launching carina-api-testing_src.test.resources.testng_suites.api.xml] INFO  o.e.m.c.i.e.AbstractTransferListenerAdapter - Downloading https://repo.maven.apache.org/maven2/com/zebrunner/carina-utils/1.2.6/carina-utils-1.2.6.pom
2024-08-06 13:27:25,236 [Worker-74: Launching carina-api-testing_src.test.resources.testng_suites.api.xml] INFO  o.e.m.c.i.e.AbstractTransferListenerAdapter - Downloaded https://repo.maven.apache.org/maven2/com/zebrunner/carina-utils/1.2.6/carina-utils-1.2.6.pom
2024-08-06 13:27:25,263 [Worker-74: Launching carina-api-testing_src.test.resources.testng_suites.api.xml] INFO  o.e.m.c.i.e.AbstractTransferListenerAdapter - Downloading https://repo.maven.apache.org/maven2/net/java/dev/jna/jna/5.13.0/jna-5.13.0.pom
2024-08-06 13:27:25,264 [Worker-74: Launching carina-api-testing_src.test.resources.testng_suites.api.xml] INFO  o.e.m.c.i.e.AbstractTransferListenerAdapter - Downloaded https://repo.maven.apache.org/maven2/net/java/dev/jna/jna/5.13.0/jna-5.13.0.pom
2024-08-06 13:27:25,435 [Worker-74: Launching carina-api-testing_src.test.resources.testng_suites.api.xml] INFO  o.e.m.c.i.e.AbstractTransferListenerAdapter - Downloading https://repo.maven.apache.org/maven2/com/zebrunner/carina-api/1.2.4/carina-api-1.2.4.jar
2024-08-06 13:27:25,485 [Worker-74: Launching carina-api-testing_src.test.resources.testng_suites.api.xml] INFO  o.e.m.c.i.e.AbstractTransferListenerAdapter - Downloaded https://repo.maven.apache.org/maven2/com/zebrunner/carina-api/1.2.4/carina-api-1.2.4.jar
2024-08-06 13:27:25,837 [Worker-74: Launching carina-api-testing_src.test.resources.testng_suites.api.xml] INFO  o.e.m.c.i.embedder.EclipseLogger - Configured Artifact: com.zebrunner:agent-core:1.9.6:jar
2024-08-06 13:27:25,841 [Worker-74: Launching carina-api-testing_src.test.resources.testng_suites.api.xml] INFO  o.e.m.c.i.embedder.EclipseLogger - com.zebrunner:agent-core:1.9.6:jar already exists in /Users/ariel.liscovsky/carina/carina-api-testing/target/agent
2024-08-06 13:27:25,860 [Worker-74: Launching carina-api-testing_src.test.resources.testng_suites.api.xml] INFO  o.a.m.s.f.DefaultMavenResourcesFiltering - Copying 0 resource from src/main/resources to target/classes
2024-08-06 13:27:25,863 [Worker-74: Launching carina-api-testing_src.test.resources.testng_suites.api.xml] INFO  o.a.m.s.f.DefaultMavenResourcesFiltering - Copying 0 resource from src/test/resources to target/test-classes
2024-08-06 13:27:26,439 [Worker-75: Building] INFO  o.e.m.c.i.embedder.EclipseLogger - Configured Artifact: com.zebrunner:agent-core:1.9.6:jar
2024-08-06 13:27:26,441 [Worker-75: Building] INFO  o.e.m.c.i.embedder.EclipseLogger - com.zebrunner:agent-core:1.9.6:jar already exists in /Users/ariel.liscovsky/carina/carina-api-testing/target/agent
2024-08-06 13:27:26,442 [Worker-75: Building] INFO  o.a.m.s.f.DefaultMavenResourcesFiltering - Copying 20 resources from src/main/resources to target/classes
2024-08-06 13:27:26,455 [Worker-75: Building] INFO  o.a.m.s.f.DefaultMavenResourcesFiltering - Copying 43 resources from src/test/resources to target/test-classes
2024-08-06 13:27:26,758 [Worker-75: Download sources and javadoc] INFO  o.e.m.c.i.e.AbstractTransferListenerAdapter - Downloading https://repo.maven.apache.org/maven2/com/zebrunner/carina-api/1.2.4/carina-api-1.2.4-sources.jar
2024-08-06 13:27:26,792 [Worker-75: Download sources and javadoc] INFO  o.e.m.c.i.e.AbstractTransferListenerAdapter - Downloaded https://repo.maven.apache.org/maven2/com/zebrunner/carina-api/1.2.4/carina-api-1.2.4-sources.jar
2024-08-06 13:27:26,793 [Worker-75: Download sources and javadoc] INFO  o.e.m.j.internal.DownloadSourcesJob - Downloaded sources for com.zebrunner:carina-api:1.2.4
2024-08-07 01:25:43,628 [Worker-131: Building] INFO  o.e.m.c.i.embedder.EclipseLogger - Configured Artifact: com.zebrunner:agent-core:1.9.6:jar
2024-08-07 01:25:43,631 [Worker-131: Building] INFO  o.e.m.c.i.embedder.EclipseLogger - com.zebrunner:agent-core:1.9.6:jar already exists in /Users/ariel.liscovsky/carina/carina-api-testing/target/agent
2024-08-07 01:25:43,638 [Worker-131: Building] INFO  o.a.m.s.f.DefaultMavenResourcesFiltering - Copying 0 resource from src/main/resources to target/classes
2024-08-07 01:25:43,640 [Worker-131: Building] INFO  o.a.m.s.f.DefaultMavenResourcesFiltering - Copying 1 resource from src/test/resources to target/test-classes
2024-08-07 01:25:54,929 [Worker-125: Building] INFO  o.e.m.c.i.embedder.EclipseLogger - Configured Artifact: com.zebrunner:agent-core:1.9.6:jar
2024-08-07 01:25:54,930 [Worker-125: Building] INFO  o.e.m.c.i.embedder.EclipseLogger - com.zebrunner:agent-core:1.9.6:jar already exists in /Users/ariel.liscovsky/carina/carina-api-testing/target/agent
2024-08-07 01:25:54,932 [Worker-125: Building] INFO  o.a.m.s.f.DefaultMavenResourcesFiltering - Copying 0 resource from src/main/resources to target/classes
2024-08-07 01:25:54,934 [Worker-125: Building] INFO  o.a.m.s.f.DefaultMavenResourcesFiltering - Copying 1 resource from src/test/resources to target/test-classes
2024-08-07 11:56:03,670 [Worker-156: Launching carina-api-testing_src.test.resources.testng_suites.api.xml] INFO  o.e.m.c.i.embedder.EclipseLogger - Configured Artifact: com.zebrunner:agent-core:1.9.6:jar
2024-08-07 11:56:03,674 [Worker-156: Launching carina-api-testing_src.test.resources.testng_suites.api.xml] INFO  o.e.m.c.i.embedder.EclipseLogger - com.zebrunner:agent-core:1.9.6:jar already exists in /Users/ariel.liscovsky/carina/carina-api-testing/target/agent
2024-08-07 11:56:03,678 [Worker-156: Launching carina-api-testing_src.test.resources.testng_suites.api.xml] INFO  o.a.m.s.f.DefaultMavenResourcesFiltering - Copying 0 resource from src/main/resources to target/classes
2024-08-07 11:56:03,681 [Worker-156: Launching carina-api-testing_src.test.resources.testng_suites.api.xml] INFO  o.a.m.s.f.DefaultMavenResourcesFiltering - Copying 45 resources from src/test/resources to target/test-classes
2024-08-07 12:00:20,531 [Worker-158: Building] INFO  o.e.m.c.i.embedder.EclipseLogger - Configured Artifact: com.zebrunner:agent-core:1.9.6:jar
2024-08-07 12:00:20,534 [Worker-158: Building] INFO  o.e.m.c.i.embedder.EclipseLogger - com.zebrunner:agent-core:1.9.6:jar already exists in /Users/ariel.liscovsky/carina/carina-api-testing/target/agent
2024-08-07 12:00:20,536 [Worker-158: Building] INFO  o.a.m.s.f.DefaultMavenResourcesFiltering - Copying 0 resource from src/main/resources to target/classes
2024-08-07 12:00:20,541 [Worker-158: Building] INFO  o.a.m.s.f.DefaultMavenResourcesFiltering - Copying 0 resource from src/test/resources to target/test-classes
2024-08-07 12:04:01,130 [Worker-161: Building] INFO  o.e.m.c.i.embedder.EclipseLogger - Configured Artifact: com.zebrunner:agent-core:1.9.6:jar
2024-08-07 12:04:01,133 [Worker-161: Building] INFO  o.e.m.c.i.embedder.EclipseLogger - com.zebrunner:agent-core:1.9.6:jar already exists in /Users/ariel.liscovsky/carina/carina-api-testing/target/agent
2024-08-07 12:04:01,134 [Worker-161: Building] INFO  o.a.m.s.f.DefaultMavenResourcesFiltering - Copying 20 resources from src/main/resources to target/classes
2024-08-07 12:04:01,141 [Worker-161: Building] INFO  o.a.m.s.f.DefaultMavenResourcesFiltering - Copying 0 resource from src/test/resources to target/test-classes
2024-08-07 12:14:26,184 [Worker-158: Building] INFO  o.e.m.c.i.embedder.EclipseLogger - Configured Artifact: com.zebrunner:agent-core:1.9.6:jar
2024-08-07 12:14:26,185 [Worker-158: Building] INFO  o.e.m.c.i.embedder.EclipseLogger - com.zebrunner:agent-core:1.9.6:jar already exists in /Users/ariel.liscovsky/carina/carina-api-testing/target/agent
2024-08-07 12:14:26,187 [Worker-158: Building] INFO  o.a.m.s.f.DefaultMavenResourcesFiltering - Copying 0 resource from src/main/resources to target/classes
2024-08-07 12:14:26,189 [Worker-158: Building] INFO  o.a.m.s.f.DefaultMavenResourcesFiltering - Copying 45 resources from src/test/resources to target/test-classes
2024-08-07 12:15:02,552 [Worker-164: Building] INFO  o.e.m.c.i.embedder.EclipseLogger - Configured Artifact: com.zebrunner:agent-core:1.9.6:jar
2024-08-07 12:15:02,554 [Worker-164: Building] INFO  o.e.m.c.i.embedder.EclipseLogger - com.zebrunner:agent-core:1.9.6:jar already exists in /Users/ariel.liscovsky/carina/carina-api-testing/target/agent
2024-08-07 12:15:02,555 [Worker-164: Building] INFO  o.a.m.s.f.DefaultMavenResourcesFiltering - Copying 20 resources from src/main/resources to target/classes
2024-08-07 12:15:02,557 [Worker-164: Building] INFO  o.a.m.s.f.DefaultMavenResourcesFiltering - Copying 45 resources from src/test/resources to target/test-classes
2024-08-07 12:16:20,289 [Worker-163: Launching carina-api-testing_src.test.resources.testng_suites.api.xml] INFO  o.e.m.c.i.embedder.EclipseLogger - Configured Artifact: com.zebrunner:agent-core:1.9.6:jar
2024-08-07 12:16:20,292 [Worker-163: Launching carina-api-testing_src.test.resources.testng_suites.api.xml] INFO  o.e.m.c.i.embedder.EclipseLogger - com.zebrunner:agent-core:1.9.6:jar already exists in /Users/ariel.liscovsky/carina/carina-api-testing/target/agent
2024-08-07 12:16:20,294 [Worker-163: Launching carina-api-testing_src.test.resources.testng_suites.api.xml] INFO  o.a.m.s.f.DefaultMavenResourcesFiltering - Copying 0 resource from src/main/resources to target/classes
2024-08-07 12:16:20,296 [Worker-163: Launching carina-api-testing_src.test.resources.testng_suites.api.xml] INFO  o.a.m.s.f.DefaultMavenResourcesFiltering - Copying 45 resources from src/test/resources to target/test-classes
2024-08-07 12:23:00,369 [Worker-163: Building] INFO  o.e.m.c.i.embedder.EclipseLogger - Configured Artifact: com.zebrunner:agent-core:1.9.6:jar
2024-08-07 12:23:00,372 [Worker-163: Building] INFO  o.e.m.c.i.embedder.EclipseLogger - com.zebrunner:agent-core:1.9.6:jar already exists in /Users/ariel.liscovsky/carina/carina-api-testing/target/agent
2024-08-07 12:23:00,374 [Worker-163: Building] INFO  o.a.m.s.f.DefaultMavenResourcesFiltering - Copying 0 resource from src/main/resources to target/classes
2024-08-07 12:23:00,377 [Worker-163: Building] INFO  o.a.m.s.f.DefaultMavenResourcesFiltering - Copying 0 resource from src/test/resources to target/test-classes
2024-08-07 12:25:11,547 [Worker-168: Launching carina-api-testing_src.test.resources.testng_suites.api.xml] INFO  o.e.m.c.i.embedder.EclipseLogger - Configured Artifact: com.zebrunner:agent-core:1.9.6:jar
2024-08-07 12:25:11,548 [Worker-168: Launching carina-api-testing_src.test.resources.testng_suites.api.xml] INFO  o.e.m.c.i.embedder.EclipseLogger - com.zebrunner:agent-core:1.9.6:jar already exists in /Users/ariel.liscovsky/carina/carina-api-testing/target/agent
2024-08-07 12:25:11,550 [Worker-168: Launching carina-api-testing_src.test.resources.testng_suites.api.xml] INFO  o.a.m.s.f.DefaultMavenResourcesFiltering - Copying 20 resources from src/main/resources to target/classes
2024-08-07 12:25:11,553 [Worker-168: Launching carina-api-testing_src.test.resources.testng_suites.api.xml] INFO  o.a.m.s.f.DefaultMavenResourcesFiltering - Copying 0 resource from src/test/resources to target/test-classes
2024-08-07 12:27:52,571 [Worker-166: Launching carina-api-testing_src.test.resources.testng_suites.api.xml] INFO  o.e.m.c.i.embedder.EclipseLogger - Configured Artifact: com.zebrunner:agent-core:1.9.6:jar
2024-08-07 12:27:52,573 [Worker-166: Launching carina-api-testing_src.test.resources.testng_suites.api.xml] INFO  o.e.m.c.i.embedder.EclipseLogger - com.zebrunner:agent-core:1.9.6:jar already exists in /Users/ariel.liscovsky/carina/carina-api-testing/target/agent
2024-08-07 12:27:52,575 [Worker-166: Launching carina-api-testing_src.test.resources.testng_suites.api.xml] INFO  o.a.m.s.f.DefaultMavenResourcesFiltering - Copying 20 resources from src/main/resources to target/classes
2024-08-07 12:27:52,578 [Worker-166: Launching carina-api-testing_src.test.resources.testng_suites.api.xml] INFO  o.a.m.s.f.DefaultMavenResourcesFiltering - Copying 0 resource from src/test/resources to target/test-classes
2024-08-07 12:29:07,627 [Worker-175: Building] INFO  o.e.m.c.i.embedder.EclipseLogger - Configured Artifact: com.zebrunner:agent-core:1.9.6:jar
2024-08-07 12:29:07,629 [Worker-175: Building] INFO  o.e.m.c.i.embedder.EclipseLogger - com.zebrunner:agent-core:1.9.6:jar already exists in /Users/ariel.liscovsky/carina/carina-api-testing/target/agent
2024-08-07 12:29:07,631 [Worker-175: Building] INFO  o.a.m.s.f.DefaultMavenResourcesFiltering - Copying 0 resource from src/main/resources to target/classes
2024-08-07 12:29:07,633 [Worker-175: Building] INFO  o.a.m.s.f.DefaultMavenResourcesFiltering - Copying 0 resource from src/test/resources to target/test-classes
2024-08-07 12:34:34,493 [Worker-176: Launching carina-api-testing_src.test.resources.testng_suites.api.xml] INFO  o.e.m.c.i.embedder.EclipseLogger - Configured Artifact: com.zebrunner:agent-core:1.9.6:jar
2024-08-07 12:34:34,494 [Worker-176: Launching carina-api-testing_src.test.resources.testng_suites.api.xml] INFO  o.e.m.c.i.embedder.EclipseLogger - com.zebrunner:agent-core:1.9.6:jar already exists in /Users/ariel.liscovsky/carina/carina-api-testing/target/agent
2024-08-07 12:34:34,497 [Worker-176: Launching carina-api-testing_src.test.resources.testng_suites.api.xml] INFO  o.a.m.s.f.DefaultMavenResourcesFiltering - Copying 0 resource from src/main/resources to target/classes
2024-08-07 12:34:34,499 [Worker-176: Launching carina-api-testing_src.test.resources.testng_suites.api.xml] INFO  o.a.m.s.f.DefaultMavenResourcesFiltering - Copying 1 resource from src/test/resources to target/test-classes
2024-08-07 12:34:54,563 [Worker-179: Building] INFO  o.e.m.c.i.embedder.EclipseLogger - Configured Artifact: com.zebrunner:agent-core:1.9.6:jar
2024-08-07 12:34:54,564 [Worker-179: Building] INFO  o.e.m.c.i.embedder.EclipseLogger - com.zebrunner:agent-core:1.9.6:jar already exists in /Users/ariel.liscovsky/carina/carina-api-testing/target/agent
2024-08-07 12:34:54,566 [Worker-179: Building] INFO  o.a.m.s.f.DefaultMavenResourcesFiltering - Copying 0 resource from src/main/resources to target/classes
2024-08-07 12:34:54,568 [Worker-179: Building] INFO  o.a.m.s.f.DefaultMavenResourcesFiltering - Copying 0 resource from src/test/resources to target/test-classes
2024-08-07 12:36:54,823 [Worker-175: Launching carina-api-testing_src.test.resources.testng_suites.api.xml] INFO  o.e.m.c.i.embedder.EclipseLogger - Configured Artifact: com.zebrunner:agent-core:1.9.6:jar
2024-08-07 12:36:54,825 [Worker-175: Launching carina-api-testing_src.test.resources.testng_suites.api.xml] INFO  o.e.m.c.i.embedder.EclipseLogger - com.zebrunner:agent-core:1.9.6:jar already exists in /Users/ariel.liscovsky/carina/carina-api-testing/target/agent
2024-08-07 12:36:54,827 [Worker-175: Launching carina-api-testing_src.test.resources.testng_suites.api.xml] INFO  o.a.m.s.f.DefaultMavenResourcesFiltering - Copying 0 resource from src/main/resources to target/classes
2024-08-07 12:36:54,829 [Worker-175: Launching carina-api-testing_src.test.resources.testng_suites.api.xml] INFO  o.a.m.s.f.DefaultMavenResourcesFiltering - Copying 45 resources from src/test/resources to target/test-classes
2024-08-07 12:37:13,609 [Worker-178: Building] INFO  o.e.m.c.i.embedder.EclipseLogger - Configured Artifact: com.zebrunner:agent-core:1.9.6:jar
2024-08-07 12:37:13,611 [Worker-178: Building] INFO  o.e.m.c.i.embedder.EclipseLogger - com.zebrunner:agent-core:1.9.6:jar already exists in /Users/ariel.liscovsky/carina/carina-api-testing/target/agent
2024-08-07 12:37:13,612 [Worker-178: Building] INFO  o.a.m.s.f.DefaultMavenResourcesFiltering - Copying 0 resource from src/main/resources to target/classes
2024-08-07 12:37:13,614 [Worker-178: Building] INFO  o.a.m.s.f.DefaultMavenResourcesFiltering - Copying 0 resource from src/test/resources to target/test-classes
2024-08-07 12:39:53,666 [Worker-180: Launching carina-api-testing_src.test.resources.testng_suites.api.xml] INFO  o.e.m.c.i.embedder.EclipseLogger - Configured Artifact: com.zebrunner:agent-core:1.9.6:jar
2024-08-07 12:39:53,668 [Worker-180: Launching carina-api-testing_src.test.resources.testng_suites.api.xml] INFO  o.e.m.c.i.embedder.EclipseLogger - com.zebrunner:agent-core:1.9.6:jar already exists in /Users/ariel.liscovsky/carina/carina-api-testing/target/agent
2024-08-07 12:39:53,670 [Worker-180: Launching carina-api-testing_src.test.resources.testng_suites.api.xml] INFO  o.a.m.s.f.DefaultMavenResourcesFiltering - Copying 0 resource from src/main/resources to target/classes
2024-08-07 12:39:53,671 [Worker-180: Launching carina-api-testing_src.test.resources.testng_suites.api.xml] INFO  o.a.m.s.f.DefaultMavenResourcesFiltering - Copying 45 resources from src/test/resources to target/test-classes
2024-08-07 12:40:09,699 [Worker-167: Building] INFO  o.e.m.c.i.embedder.EclipseLogger - Configured Artifact: com.zebrunner:agent-core:1.9.6:jar
2024-08-07 12:40:09,700 [Worker-167: Building] INFO  o.e.m.c.i.embedder.EclipseLogger - com.zebrunner:agent-core:1.9.6:jar already exists in /Users/ariel.liscovsky/carina/carina-api-testing/target/agent
2024-08-07 12:40:09,702 [Worker-167: Building] INFO  o.a.m.s.f.DefaultMavenResourcesFiltering - Copying 0 resource from src/main/resources to target/classes
2024-08-07 12:40:09,704 [Worker-167: Building] INFO  o.a.m.s.f.DefaultMavenResourcesFiltering - Copying 0 resource from src/test/resources to target/test-classes
2024-08-07 12:41:57,484 [Worker-180: Launching carina-api-testing_src.test.resources.testng_suites.api.xml] INFO  o.e.m.c.i.embedder.EclipseLogger - Configured Artifact: com.zebrunner:agent-core:1.9.6:jar
2024-08-07 12:41:57,492 [Worker-180: Launching carina-api-testing_src.test.resources.testng_suites.api.xml] INFO  o.e.m.c.i.embedder.EclipseLogger - com.zebrunner:agent-core:1.9.6:jar already exists in /Users/ariel.liscovsky/carina/carina-api-testing/target/agent
2024-08-07 12:41:57,493 [Worker-180: Launching carina-api-testing_src.test.resources.testng_suites.api.xml] INFO  o.a.m.s.f.DefaultMavenResourcesFiltering - Copying 0 resource from src/main/resources to target/classes
2024-08-07 12:41:57,495 [Worker-180: Launching carina-api-testing_src.test.resources.testng_suites.api.xml] INFO  o.a.m.s.f.DefaultMavenResourcesFiltering - Copying 1 resource from src/test/resources to target/test-classes
2024-08-07 12:42:39,844 [Worker-183: Launching carina-api-testing_src.test.resources.testng_suites.api.xml] INFO  o.e.m.c.i.embedder.EclipseLogger - Configured Artifact: com.zebrunner:agent-core:1.9.6:jar
2024-08-07 12:42:39,846 [Worker-183: Launching carina-api-testing_src.test.resources.testng_suites.api.xml] INFO  o.e.m.c.i.embedder.EclipseLogger - com.zebrunner:agent-core:1.9.6:jar already exists in /Users/ariel.liscovsky/carina/carina-api-testing/target/agent
2024-08-07 12:42:39,847 [Worker-183: Launching carina-api-testing_src.test.resources.testng_suites.api.xml] INFO  o.a.m.s.f.DefaultMavenResourcesFiltering - Copying 0 resource from src/main/resources to target/classes
2024-08-07 12:42:39,849 [Worker-183: Launching carina-api-testing_src.test.resources.testng_suites.api.xml] INFO  o.a.m.s.f.DefaultMavenResourcesFiltering - Copying 45 resources from src/test/resources to target/test-classes
2024-08-07 15:10:40,759 [Worker-189: Building] INFO  o.e.m.c.i.embedder.EclipseLogger - Configured Artifact: com.zebrunner:agent-core:1.9.6:jar
2024-08-07 15:10:40,762 [Worker-189: Building] INFO  o.e.m.c.i.embedder.EclipseLogger - com.zebrunner:agent-core:1.9.6:jar already exists in /Users/ariel.liscovsky/carina/carina-api-testing/target/agent
2024-08-07 15:10:40,763 [Worker-189: Building] INFO  o.a.m.s.f.DefaultMavenResourcesFiltering - Copying 0 resource from src/main/resources to target/classes
2024-08-07 15:10:40,765 [Worker-189: Building] INFO  o.a.m.s.f.DefaultMavenResourcesFiltering - Copying 0 resource from src/test/resources to target/test-classes
2024-08-07 15:13:11,274 [Worker-194: Building] INFO  o.e.m.c.i.embedder.EclipseLogger - Configured Artifact: com.zebrunner:agent-core:1.9.6:jar
2024-08-07 15:13:11,276 [Worker-194: Building] INFO  o.e.m.c.i.embedder.EclipseLogger - com.zebrunner:agent-core:1.9.6:jar already exists in /Users/ariel.liscovsky/carina/carina-api-testing/target/agent
2024-08-07 15:13:11,277 [Worker-194: Building] INFO  o.a.m.s.f.DefaultMavenResourcesFiltering - Copying 0 resource from src/main/resources to target/classes
2024-08-07 15:13:11,279 [Worker-194: Building] INFO  o.a.m.s.f.DefaultMavenResourcesFiltering - Copying 0 resource from src/test/resources to target/test-classes
2024-08-07 18:54:25,564 [Worker-212: Launching carina-api-testing_src.test.resources.testng_suites.api.xml] INFO  o.e.m.c.i.embedder.EclipseLogger - Configured Artifact: com.zebrunner:agent-core:1.9.6:jar
2024-08-07 18:54:25,568 [Worker-212: Launching carina-api-testing_src.test.resources.testng_suites.api.xml] INFO  o.e.m.c.i.embedder.EclipseLogger - com.zebrunner:agent-core:1.9.6:jar already exists in /Users/ariel.liscovsky/carina/carina-api-testing/target/agent
2024-08-07 18:54:25,571 [Worker-212: Launching carina-api-testing_src.test.resources.testng_suites.api.xml] INFO  o.a.m.s.f.DefaultMavenResourcesFiltering - Copying 0 resource from src/main/resources to target/classes
2024-08-07 18:54:25,574 [Worker-212: Launching carina-api-testing_src.test.resources.testng_suites.api.xml] INFO  o.a.m.s.f.DefaultMavenResourcesFiltering - Copying 45 resources from src/test/resources to target/test-classes
2024-08-08 20:49:55,020 [Worker-295: Launching carina-api-testing_src.test.resources.testng_suites.api.xml] INFO  o.e.m.c.i.embedder.EclipseLogger - Configured Artifact: com.zebrunner:agent-core:1.9.6:jar
2024-08-08 20:49:55,024 [Worker-295: Launching carina-api-testing_src.test.resources.testng_suites.api.xml] INFO  o.e.m.c.i.embedder.EclipseLogger - com.zebrunner:agent-core:1.9.6:jar already exists in /Users/ariel.liscovsky/carina/carina-api-testing/target/agent
2024-08-08 20:49:55,028 [Worker-295: Launching carina-api-testing_src.test.resources.testng_suites.api.xml] INFO  o.a.m.s.f.DefaultMavenResourcesFiltering - Copying 20 resources from src/main/resources to target/classes
2024-08-08 20:49:55,034 [Worker-295: Launching carina-api-testing_src.test.resources.testng_suites.api.xml] INFO  o.a.m.s.f.DefaultMavenResourcesFiltering - Copying 45 resources from src/test/resources to target/test-classes
2024-08-08 20:50:45,380 [Worker-290: Building] INFO  o.e.m.c.i.embedder.EclipseLogger - Configured Artifact: com.zebrunner:agent-core:1.9.6:jar
2024-08-08 20:50:45,382 [Worker-290: Building] INFO  o.e.m.c.i.embedder.EclipseLogger - com.zebrunner:agent-core:1.9.6:jar already exists in /Users/ariel.liscovsky/carina/carina-api-testing/target/agent
2024-08-08 20:50:45,384 [Worker-290: Building] INFO  o.a.m.s.f.DefaultMavenResourcesFiltering - Copying 0 resource from src/main/resources to target/classes
2024-08-08 20:50:45,386 [Worker-290: Building] INFO  o.a.m.s.f.DefaultMavenResourcesFiltering - Copying 0 resource from src/test/resources to target/test-classes
2024-08-08 21:03:19,253 [Worker-300: Launching carina-api-testing_src.test.resources.testng_suites.api.xml] INFO  o.e.m.c.i.embedder.EclipseLogger - Configured Artifact: com.zebrunner:agent-core:1.9.6:jar
2024-08-08 21:03:19,255 [Worker-300: Launching carina-api-testing_src.test.resources.testng_suites.api.xml] INFO  o.e.m.c.i.embedder.EclipseLogger - com.zebrunner:agent-core:1.9.6:jar already exists in /Users/ariel.liscovsky/carina/carina-api-testing/target/agent
2024-08-08 21:03:19,258 [Worker-300: Launching carina-api-testing_src.test.resources.testng_suites.api.xml] INFO  o.a.m.s.f.DefaultMavenResourcesFiltering - Copying 20 resources from src/main/resources to target/classes
2024-08-08 21:03:19,263 [Worker-300: Launching carina-api-testing_src.test.resources.testng_suites.api.xml] INFO  o.a.m.s.f.DefaultMavenResourcesFiltering - Copying 45 resources from src/test/resources to target/test-classes
2024-08-08 21:03:31,267 [Worker-301: Building] INFO  o.e.m.c.i.embedder.EclipseLogger - Configured Artifact: com.zebrunner:agent-core:1.9.6:jar
2024-08-08 21:03:31,270 [Worker-301: Building] INFO  o.e.m.c.i.embedder.EclipseLogger - com.zebrunner:agent-core:1.9.6:jar already exists in /Users/ariel.liscovsky/carina/carina-api-testing/target/agent
2024-08-08 21:03:31,271 [Worker-301: Building] INFO  o.a.m.s.f.DefaultMavenResourcesFiltering - Copying 0 resource from src/main/resources to target/classes
2024-08-08 21:03:31,273 [Worker-301: Building] INFO  o.a.m.s.f.DefaultMavenResourcesFiltering - Copying 0 resource from src/test/resources to target/test-classes
2024-08-08 21:05:15,941 [Worker-301: Building] INFO  o.e.m.c.i.embedder.EclipseLogger - Configured Artifact: com.zebrunner:agent-core:1.9.6:jar
2024-08-08 21:05:15,943 [Worker-301: Building] INFO  o.e.m.c.i.embedder.EclipseLogger - com.zebrunner:agent-core:1.9.6:jar already exists in /Users/ariel.liscovsky/carina/carina-api-testing/target/agent
2024-08-08 21:05:15,945 [Worker-301: Building] INFO  o.a.m.s.f.DefaultMavenResourcesFiltering - Copying 0 resource from src/main/resources to target/classes
2024-08-08 21:05:15,947 [Worker-301: Building] INFO  o.a.m.s.f.DefaultMavenResourcesFiltering - Copying 0 resource from src/test/resources to target/test-classes
2024-08-08 21:10:18,880 [Worker-304: Launching carina-api-testing_src.test.resources.testng_suites.api.xml] INFO  o.e.m.c.i.embedder.EclipseLogger - Configured Artifact: com.zebrunner:agent-core:1.9.6:jar
2024-08-08 21:10:18,882 [Worker-304: Launching carina-api-testing_src.test.resources.testng_suites.api.xml] INFO  o.e.m.c.i.embedder.EclipseLogger - com.zebrunner:agent-core:1.9.6:jar already exists in /Users/ariel.liscovsky/carina/carina-api-testing/target/agent
2024-08-08 21:10:18,883 [Worker-304: Launching carina-api-testing_src.test.resources.testng_suites.api.xml] INFO  o.a.m.s.f.DefaultMavenResourcesFiltering - Copying 20 resources from src/main/resources to target/classes
2024-08-08 21:10:18,886 [Worker-304: Launching carina-api-testing_src.test.resources.testng_suites.api.xml] INFO  o.a.m.s.f.DefaultMavenResourcesFiltering - Copying 45 resources from src/test/resources to target/test-classes
2024-08-08 21:10:31,900 [Worker-303: Building] INFO  o.e.m.c.i.embedder.EclipseLogger - Configured Artifact: com.zebrunner:agent-core:1.9.6:jar
2024-08-08 21:10:31,901 [Worker-303: Building] INFO  o.e.m.c.i.embedder.EclipseLogger - com.zebrunner:agent-core:1.9.6:jar already exists in /Users/ariel.liscovsky/carina/carina-api-testing/target/agent
2024-08-08 21:10:31,903 [Worker-303: Building] INFO  o.a.m.s.f.DefaultMavenResourcesFiltering - Copying 0 resource from src/main/resources to target/classes
2024-08-08 21:10:31,905 [Worker-303: Building] INFO  o.a.m.s.f.DefaultMavenResourcesFiltering - Copying 0 resource from src/test/resources to target/test-classes
2024-08-08 21:25:52,297 [Worker-302: Launching carina-api-testing_src.test.resources.testng_suites.api.xml] INFO  o.e.m.c.i.embedder.EclipseLogger - Configured Artifact: com.zebrunner:agent-core:1.9.6:jar
2024-08-08 21:25:52,299 [Worker-302: Launching carina-api-testing_src.test.resources.testng_suites.api.xml] INFO  o.e.m.c.i.embedder.EclipseLogger - com.zebrunner:agent-core:1.9.6:jar already exists in /Users/ariel.liscovsky/carina/carina-api-testing/target/agent
2024-08-08 21:25:52,301 [Worker-302: Launching carina-api-testing_src.test.resources.testng_suites.api.xml] INFO  o.a.m.s.f.DefaultMavenResourcesFiltering - Copying 0 resource from src/main/resources to target/classes
2024-08-08 21:25:52,304 [Worker-302: Launching carina-api-testing_src.test.resources.testng_suites.api.xml] INFO  o.a.m.s.f.DefaultMavenResourcesFiltering - Copying 45 resources from src/test/resources to target/test-classes
2024-08-08 21:26:01,550 [Worker-302: Building] INFO  o.e.m.c.i.embedder.EclipseLogger - Configured Artifact: com.zebrunner:agent-core:1.9.6:jar
2024-08-08 21:26:01,553 [Worker-302: Building] INFO  o.e.m.c.i.embedder.EclipseLogger - com.zebrunner:agent-core:1.9.6:jar already exists in /Users/ariel.liscovsky/carina/carina-api-testing/target/agent
2024-08-08 21:26:01,554 [Worker-302: Building] INFO  o.a.m.s.f.DefaultMavenResourcesFiltering - Copying 0 resource from src/main/resources to target/classes
2024-08-08 21:26:01,557 [Worker-302: Building] INFO  o.a.m.s.f.DefaultMavenResourcesFiltering - Copying 0 resource from src/test/resources to target/test-classes
2024-08-08 21:50:59,123 [Worker-302: Launching carina-api-testing_src.test.resources.testng_suites.api.xml] INFO  o.e.m.c.i.embedder.EclipseLogger - Configured Artifact: com.zebrunner:agent-core:1.9.6:jar
2024-08-08 21:50:59,126 [Worker-302: Launching carina-api-testing_src.test.resources.testng_suites.api.xml] INFO  o.e.m.c.i.embedder.EclipseLogger - com.zebrunner:agent-core:1.9.6:jar already exists in /Users/ariel.liscovsky/carina/carina-api-testing/target/agent
2024-08-08 21:50:59,133 [Worker-302: Launching carina-api-testing_src.test.resources.testng_suites.api.xml] INFO  o.a.m.s.f.DefaultMavenResourcesFiltering - Copying 0 resource from src/main/resources to target/classes
2024-08-08 21:50:59,138 [Worker-302: Launching carina-api-testing_src.test.resources.testng_suites.api.xml] INFO  o.a.m.s.f.DefaultMavenResourcesFiltering - Copying 45 resources from src/test/resources to target/test-classes
2024-08-08 21:51:13,413 [Worker-302: Building] INFO  o.e.m.c.i.embedder.EclipseLogger - Configured Artifact: com.zebrunner:agent-core:1.9.6:jar
2024-08-08 21:51:13,416 [Worker-302: Building] INFO  o.e.m.c.i.embedder.EclipseLogger - com.zebrunner:agent-core:1.9.6:jar already exists in /Users/ariel.liscovsky/carina/carina-api-testing/target/agent
2024-08-08 21:51:13,418 [Worker-302: Building] INFO  o.a.m.s.f.DefaultMavenResourcesFiltering - Copying 0 resource from src/main/resources to target/classes
2024-08-08 21:51:13,421 [Worker-302: Building] INFO  o.a.m.s.f.DefaultMavenResourcesFiltering - Copying 0 resource from src/test/resources to target/test-classes
2024-08-08 21:53:15,947 [Worker-322: Launching carina-api-testing_src.test.resources.testng_suites.api.xml] INFO  o.e.m.c.i.embedder.EclipseLogger - Configured Artifact: com.zebrunner:agent-core:1.9.6:jar
2024-08-08 21:53:15,950 [Worker-322: Launching carina-api-testing_src.test.resources.testng_suites.api.xml] INFO  o.e.m.c.i.embedder.EclipseLogger - com.zebrunner:agent-core:1.9.6:jar already exists in /Users/ariel.liscovsky/carina/carina-api-testing/target/agent
2024-08-08 21:53:15,956 [Worker-322: Launching carina-api-testing_src.test.resources.testng_suites.api.xml] INFO  o.a.m.s.f.DefaultMavenResourcesFiltering - Copying 0 resource from src/main/resources to target/classes
2024-08-08 21:53:15,959 [Worker-322: Launching carina-api-testing_src.test.resources.testng_suites.api.xml] INFO  o.a.m.s.f.DefaultMavenResourcesFiltering - Copying 45 resources from src/test/resources to target/test-classes
2024-08-08 21:53:31,257 [Worker-319: Building] INFO  o.e.m.c.i.embedder.EclipseLogger - Configured Artifact: com.zebrunner:agent-core:1.9.6:jar
2024-08-08 21:53:31,260 [Worker-319: Building] INFO  o.e.m.c.i.embedder.EclipseLogger - com.zebrunner:agent-core:1.9.6:jar already exists in /Users/ariel.liscovsky/carina/carina-api-testing/target/agent
2024-08-08 21:53:31,261 [Worker-319: Building] INFO  o.a.m.s.f.DefaultMavenResourcesFiltering - Copying 0 resource from src/main/resources to target/classes
2024-08-08 21:53:31,265 [Worker-319: Building] INFO  o.a.m.s.f.DefaultMavenResourcesFiltering - Copying 0 resource from src/test/resources to target/test-classes
2024-08-08 21:56:01,205 [Worker-302: Building] INFO  o.e.m.c.i.embedder.EclipseLogger - Configured Artifact: com.zebrunner:agent-core:1.9.6:jar
2024-08-08 21:56:01,206 [Worker-302: Building] INFO  o.e.m.c.i.embedder.EclipseLogger - com.zebrunner:agent-core:1.9.6:jar already exists in /Users/ariel.liscovsky/carina/carina-api-testing/target/agent
2024-08-08 21:56:01,208 [Worker-302: Building] INFO  o.a.m.s.f.DefaultMavenResourcesFiltering - Copying 0 resource from src/main/resources to target/classes
2024-08-08 21:56:01,211 [Worker-302: Building] INFO  o.a.m.s.f.DefaultMavenResourcesFiltering - Copying 2 resources from src/test/resources to target/test-classes
2024-08-08 21:57:16,333 [Worker-302: Launching carina-api-testing_src.test.resources.testng_suites.api.xml] INFO  o.e.m.c.i.embedder.EclipseLogger - Configured Artifact: com.zebrunner:agent-core:1.9.6:jar
2024-08-08 21:57:16,335 [Worker-302: Launching carina-api-testing_src.test.resources.testng_suites.api.xml] INFO  o.e.m.c.i.embedder.EclipseLogger - com.zebrunner:agent-core:1.9.6:jar already exists in /Users/ariel.liscovsky/carina/carina-api-testing/target/agent
2024-08-08 21:57:16,337 [Worker-302: Launching carina-api-testing_src.test.resources.testng_suites.api.xml] INFO  o.a.m.s.f.DefaultMavenResourcesFiltering - Copying 20 resources from src/main/resources to target/classes
2024-08-08 21:57:16,340 [Worker-302: Launching carina-api-testing_src.test.resources.testng_suites.api.xml] INFO  o.a.m.s.f.DefaultMavenResourcesFiltering - Copying 47 resources from src/test/resources to target/test-classes
2024-08-08 21:57:30,692 [Worker-322: Building] INFO  o.e.m.c.i.embedder.EclipseLogger - Configured Artifact: com.zebrunner:agent-core:1.9.6:jar
2024-08-08 21:57:30,694 [Worker-322: Building] INFO  o.e.m.c.i.embedder.EclipseLogger - com.zebrunner:agent-core:1.9.6:jar already exists in /Users/ariel.liscovsky/carina/carina-api-testing/target/agent
2024-08-08 21:57:30,696 [Worker-322: Building] INFO  o.a.m.s.f.DefaultMavenResourcesFiltering - Copying 0 resource from src/main/resources to target/classes
2024-08-08 21:57:30,698 [Worker-322: Building] INFO  o.a.m.s.f.DefaultMavenResourcesFiltering - Copying 0 resource from src/test/resources to target/test-classes
2024-08-08 21:58:27,352 [Worker-325: Building] INFO  o.e.m.c.i.embedder.EclipseLogger - Configured Artifact: com.zebrunner:agent-core:1.9.6:jar
2024-08-08 21:58:27,354 [Worker-325: Building] INFO  o.e.m.c.i.embedder.EclipseLogger - com.zebrunner:agent-core:1.9.6:jar already exists in /Users/ariel.liscovsky/carina/carina-api-testing/target/agent
2024-08-08 21:58:27,355 [Worker-325: Building] INFO  o.a.m.s.f.DefaultMavenResourcesFiltering - Copying 0 resource from src/main/resources to target/classes
2024-08-08 21:58:27,357 [Worker-325: Building] INFO  o.a.m.s.f.DefaultMavenResourcesFiltering - Copying 2 resources from src/test/resources to target/test-classes
2024-08-08 21:58:50,054 [Worker-321: Building] INFO  o.e.m.c.i.embedder.EclipseLogger - Configured Artifact: com.zebrunner:agent-core:1.9.6:jar
2024-08-08 21:58:50,056 [Worker-321: Building] INFO  o.e.m.c.i.embedder.EclipseLogger - com.zebrunner:agent-core:1.9.6:jar already exists in /Users/ariel.liscovsky/carina/carina-api-testing/target/agent
2024-08-08 21:58:50,057 [Worker-321: Building] INFO  o.a.m.s.f.DefaultMavenResourcesFiltering - Copying 0 resource from src/main/resources to target/classes
2024-08-08 21:58:50,059 [Worker-321: Building] INFO  o.a.m.s.f.DefaultMavenResourcesFiltering - Copying 0 resource from src/test/resources to target/test-classes
2024-08-08 22:00:22,990 [Worker-322: Launching carina-api-testing_src.test.resources.testng_suites.api.xml] INFO  o.e.m.c.i.embedder.EclipseLogger - Configured Artifact: com.zebrunner:agent-core:1.9.6:jar
2024-08-08 22:00:22,991 [Worker-322: Launching carina-api-testing_src.test.resources.testng_suites.api.xml] INFO  o.e.m.c.i.embedder.EclipseLogger - com.zebrunner:agent-core:1.9.6:jar already exists in /Users/ariel.liscovsky/carina/carina-api-testing/target/agent
2024-08-08 22:00:22,993 [Worker-322: Launching carina-api-testing_src.test.resources.testng_suites.api.xml] INFO  o.a.m.s.f.DefaultMavenResourcesFiltering - Copying 0 resource from src/main/resources to target/classes
2024-08-08 22:00:22,995 [Worker-322: Launching carina-api-testing_src.test.resources.testng_suites.api.xml] INFO  o.a.m.s.f.DefaultMavenResourcesFiltering - Copying 1 resource from src/test/resources to target/test-classes
2024-08-08 22:00:35,195 [Worker-321: Building] INFO  o.e.m.c.i.embedder.EclipseLogger - Configured Artifact: com.zebrunner:agent-core:1.9.6:jar
2024-08-08 22:00:35,197 [Worker-321: Building] INFO  o.e.m.c.i.embedder.EclipseLogger - com.zebrunner:agent-core:1.9.6:jar already exists in /Users/ariel.liscovsky/carina/carina-api-testing/target/agent
2024-08-08 22:00:35,199 [Worker-321: Building] INFO  o.a.m.s.f.DefaultMavenResourcesFiltering - Copying 0 resource from src/main/resources to target/classes
2024-08-08 22:00:35,200 [Worker-321: Building] INFO  o.a.m.s.f.DefaultMavenResourcesFiltering - Copying 0 resource from src/test/resources to target/test-classes
2024-08-08 22:16:55,770 [Worker-331: Building] INFO  o.e.m.c.i.embedder.EclipseLogger - Configured Artifact: com.zebrunner:agent-core:1.9.6:jar
2024-08-08 22:16:55,772 [Worker-331: Building] INFO  o.e.m.c.i.embedder.EclipseLogger - com.zebrunner:agent-core:1.9.6:jar already exists in /Users/ariel.liscovsky/carina/carina-api-testing/target/agent
2024-08-08 22:16:55,775 [Worker-331: Building] INFO  o.a.m.s.f.DefaultMavenResourcesFiltering - Copying 0 resource from src/main/resources to target/classes
2024-08-08 22:16:55,778 [Worker-331: Building] INFO  o.a.m.s.f.DefaultMavenResourcesFiltering - Copying 0 resource from src/test/resources to target/test-classes
2024-08-08 22:19:04,629 [Worker-328: Launching carina-api-testing_src.test.resources.testng_suites.api.xml] INFO  o.e.m.c.i.embedder.EclipseLogger - Configured Artifact: com.zebrunner:agent-core:1.9.6:jar
2024-08-08 22:19:04,631 [Worker-328: Launching carina-api-testing_src.test.resources.testng_suites.api.xml] INFO  o.e.m.c.i.embedder.EclipseLogger - com.zebrunner:agent-core:1.9.6:jar already exists in /Users/ariel.liscovsky/carina/carina-api-testing/target/agent
2024-08-08 22:19:04,633 [Worker-328: Launching carina-api-testing_src.test.resources.testng_suites.api.xml] INFO  o.a.m.s.f.DefaultMavenResourcesFiltering - Copying 0 resource from src/main/resources to target/classes
2024-08-08 22:19:04,635 [Worker-328: Launching carina-api-testing_src.test.resources.testng_suites.api.xml] INFO  o.a.m.s.f.DefaultMavenResourcesFiltering - Copying 47 resources from src/test/resources to target/test-classes
2024-08-09 10:54:22,582 [Worker-356: Building] INFO  o.e.m.c.i.embedder.EclipseLogger - Configured Artifact: com.zebrunner:agent-core:1.9.6:jar
2024-08-09 10:54:22,585 [Worker-356: Building] INFO  o.e.m.c.i.embedder.EclipseLogger - com.zebrunner:agent-core:1.9.6:jar already exists in /Users/ariel.liscovsky/carina/carina-api-testing/target/agent
2024-08-09 10:54:22,588 [Worker-356: Building] INFO  o.a.m.s.f.DefaultMavenResourcesFiltering - Copying 20 resources from src/main/resources to target/classes
2024-08-09 10:54:22,591 [Worker-356: Building] INFO  o.a.m.s.f.DefaultMavenResourcesFiltering - Copying 47 resources from src/test/resources to target/test-classes
2024-08-09 10:54:47,701 [Worker-355: Building] INFO  o.e.m.c.i.embedder.EclipseLogger - Configured Artifact: com.zebrunner:agent-core:1.9.6:jar
2024-08-09 10:54:47,702 [Worker-355: Building] INFO  o.e.m.c.i.embedder.EclipseLogger - com.zebrunner:agent-core:1.9.6:jar already exists in /Users/ariel.liscovsky/carina/carina-api-testing/target/agent
2024-08-09 10:54:47,703 [Worker-355: Building] INFO  o.a.m.s.f.DefaultMavenResourcesFiltering - Copying 20 resources from src/main/resources to target/classes
2024-08-09 10:54:47,704 [Worker-355: Building] INFO  o.a.m.s.f.DefaultMavenResourcesFiltering - Copying 47 resources from src/test/resources to target/test-classes
2024-08-09 10:57:09,819 [Worker-354: Building] INFO  o.e.m.c.i.embedder.EclipseLogger - Configured Artifact: com.zebrunner:agent-core:1.9.6:jar
2024-08-09 10:57:09,820 [Worker-354: Building] INFO  o.e.m.c.i.embedder.EclipseLogger - com.zebrunner:agent-core:1.9.6:jar already exists in /Users/ariel.liscovsky/carina/carina-api-testing/target/agent
2024-08-09 10:57:09,822 [Worker-354: Building] INFO  o.a.m.s.f.DefaultMavenResourcesFiltering - Copying 0 resource from src/main/resources to target/classes
2024-08-09 10:57:09,823 [Worker-354: Building] INFO  o.a.m.s.f.DefaultMavenResourcesFiltering - Copying 0 resource from src/test/resources to target/test-classes
2024-08-09 10:57:40,032 [Worker-357: Launching carina-api-testing_src.test.resources.testng_suites.api.xml] INFO  o.e.m.c.i.embedder.EclipseLogger - Configured Artifact: com.zebrunner:agent-core:1.9.6:jar
2024-08-09 10:57:40,034 [Worker-357: Launching carina-api-testing_src.test.resources.testng_suites.api.xml] INFO  o.e.m.c.i.embedder.EclipseLogger - com.zebrunner:agent-core:1.9.6:jar already exists in /Users/ariel.liscovsky/carina/carina-api-testing/target/agent
2024-08-09 10:57:40,036 [Worker-357: Launching carina-api-testing_src.test.resources.testng_suites.api.xml] INFO  o.a.m.s.f.DefaultMavenResourcesFiltering - Copying 0 resource from src/main/resources to target/classes
2024-08-09 10:57:40,037 [Worker-357: Launching carina-api-testing_src.test.resources.testng_suites.api.xml] INFO  o.a.m.s.f.DefaultMavenResourcesFiltering - Copying 43 resources from src/test/resources to target/test-classes
